<?xml version="1.0" encoding="UTF-8"?>
<!-- Generated by org.testng.reporters.JUnitReportReporter -->
<testsuite skipped="0" hostname="LAPTOP-0VHGQ9SP" name="com.phptravles.test.PhpTravelTest" tests="1" failures="0" timestamp="05 Jun 2019 19:07:52 GMT" time="18.456" errors="0">
  <testcase name="callPhpmeathods" time="18.456" classname="com.phptravles.test.PhpTravelTest"/>
</testsuite> <!-- com.phptravles.test.PhpTravelTest -->
